<?xml version="1.0" encoding="UTF-8"?>
<testng-results ignored="0" total="2" passed="2" failed="0" skipped="0">
  <reporter-output>
  </reporter-output>
  <suite started-at="2024-01-12T04:49:32 GMT" name="Default suite" finished-at="2024-01-12T04:49:44 GMT" duration-ms="12253">
    <groups>
    </groups>
    <test started-at="2024-01-12T04:49:32 GMT" name="Default test" finished-at="2024-01-12T04:49:44 GMT" duration-ms="12253">
      <class name="loginPage.LoginValidation">
        <test-method is-config="true" signature="preconditionMethod()[pri:0, instance:loginPage.LoginValidation@5f049ea1]" started-at="2024-01-12T04:49:32 GMT" name="preconditionMethod" finished-at="2024-01-12T04:49:35 GMT" duration-ms="3262" status="PASS">
          <reporter-output>
          </reporter-output>
        </test-method> <!-- preconditionMethod -->
        <test-method signature="loginOperationValidation()[pri:0, instance:loginPage.LoginValidation@5f049ea1]" started-at="2024-01-12T04:49:35 GMT" name="loginOperationValidation" finished-at="2024-01-12T04:49:42 GMT" duration-ms="6540" status="PASS">
          <reporter-output>
          </reporter-output>
        </test-method> <!-- loginOperationValidation -->
        <test-method is-config="true" signature="postconditionMethod()[pri:0, instance:loginPage.LoginValidation@5f049ea1]" started-at="2024-01-12T04:49:42 GMT" name="postconditionMethod" finished-at="2024-01-12T04:49:42 GMT" duration-ms="111" status="PASS">
          <reporter-output>
          </reporter-output>
        </test-method> <!-- postconditionMethod -->
        <test-method is-config="true" signature="preconditionMethod()[pri:0, instance:loginPage.LoginValidation@5f049ea1]" started-at="2024-01-12T04:49:42 GMT" name="preconditionMethod" finished-at="2024-01-12T04:49:44 GMT" duration-ms="2186" status="PASS">
          <reporter-output>
          </reporter-output>
        </test-method> <!-- preconditionMethod -->
        <test-method signature="champ()[pri:1, instance:loginPage.LoginValidation@5f049ea1]" started-at="2024-01-12T04:49:44 GMT" name="champ" finished-at="2024-01-12T04:49:44 GMT" duration-ms="1" status="PASS">
          <reporter-output>
          </reporter-output>
        </test-method> <!-- champ -->
        <test-method is-config="true" signature="postconditionMethod()[pri:0, instance:loginPage.LoginValidation@5f049ea1]" started-at="2024-01-12T04:49:44 GMT" name="postconditionMethod" finished-at="2024-01-12T04:49:44 GMT" duration-ms="96" status="PASS">
          <reporter-output>
          </reporter-output>
        </test-method> <!-- postconditionMethod -->
      </class> <!-- loginPage.LoginValidation -->
    </test> <!-- Default test -->
  </suite> <!-- Default suite -->
</testng-results>
